Arguments: 
  C:\Program Files\nodejs\node.exe C:\Users\Administrator\AppData\Roaming\npm\node_modules\yarn\bin\yarn.js add wbpack

PATH: 
  C:\Users\Administrator\Desktop\auto2http\node_modules\.bin;C:\Ruby27-x64\bin;C:\Program Files (x86)\Intel\Intel(R) Management Engine Components\iCLS\;C:\Program Files\Intel\Intel(R) Management Engine Components\iCLS\;C:\WINDOWS\system32;C:\WINDOWS;C:\WINDOWS\System32\Wbem;C:\WINDOWS\System32\WindowsPowerShell\v1.0\;C:\WINDOWS\System32\OpenSSH\;C:\Program Files (x86)\Intel\Intel(R) Management Engine Components\DAL;C:\Program Files\Intel\Intel(R) Management Engine Components\DAL;C:\ProgramData\chocolatey\bin;C:\Program Files\Git\cmd;C:\Program Files\Ruby26-x64\bin;C:\Program Files\nodejs\;C:\Program Files\Tomact\tomcat-connectors-1.2.48-src\lib;C:\Program Files\Tomact\tomcat-connectors-1.2.48-src\lib\servlet-api.jar;C:\Program Files\Tomact\tomcat-connectors-1.2.48-src\lib\jsp-api.jar;C:\Users\Administrator\AppData\Roaming\Python\Python38\Scripts;C:\Users\Administrator\AppData\Local\Programs\Python\Python38-32\Scripts\;C:\Users\Administrator\AppData\Local\Programs\Python\Python38-32\;C:\Users\Administrator\AppData\Local\Programs\Python\Python38\Scripts\;C:\Users\Administrator\AppData\Local\Programs\Python\Python38\;C:\Users\Administrator\AppData\Local\Microsoft\WindowsApps;C:\Users\Administrator\AppData\Roaming\npm;C:\Users\Administrator\AppData\Local\Programs\Microsoft VS Code\bin;C:\Program Files\JetBrains\WebStorm 2020.1.3\bin;;C:\Program Files\JetBrains\PhpStorm 2020.1.3\bin;;C:\Program Files\JetBrains\IntelliJ IDEA 2020.1.3\bin;;C:\Program Files\JetBrains\PyCharm 2019.3.4\bin;;C:\wamp64\bin\php\php7.3.12;C:\Users\Administrator\AppData\Local\Programs\Python\Python38\Lib\site-packages\pyqt5_tools;C:\Users\Administrator\AppData\Local\Programs\Julia\Julia-1.4.2\bin\;;C:\Users\Administrator\AppData\Local\Programs\Microsoft VS Code Insiders\bin;C:\Program Files\JetBrains\PyCharm Professional Edition with Anaconda plugin 2020.1.3\bin;

Yarn version: 
  1.22.4

Node version: 
  12.16.1

Platform: 
  win32 x64

Trace: 
  Error: https://registry.npm.taobao.org/wbpack: Not found
      at Request.params.callback [as _callback] (C:\Users\Administrator\AppData\Roaming\npm\node_modules\yarn\lib\cli.js:66987:18)
      at Request.self.callback (C:\Users\Administrator\AppData\Roaming\npm\node_modules\yarn\lib\cli.js:140748:22)
      at Request.emit (events.js:311:20)
      at Request.<anonymous> (C:\Users\Administrator\AppData\Roaming\npm\node_modules\yarn\lib\cli.js:141720:10)
      at Request.emit (events.js:311:20)
      at IncomingMessage.<anonymous> (C:\Users\Administrator\AppData\Roaming\npm\node_modules\yarn\lib\cli.js:141642:12)
      at Object.onceWrapper (events.js:417:28)
      at IncomingMessage.emit (events.js:323:22)
      at endReadableNT (_stream_readable.js:1204:12)
      at processTicksAndRejections (internal/process/task_queues.js:84:21)

npm manifest: 
  {
    "name": "auto2http",
    "version": "1.0.1",
    "description": "自动生成http文件",
    "main": "./dist/index.js",
    "keywords": [
      "WebStorm",
      "http",
      "api"
    ],
    "scripts": {
      "test": "node test/index.js",
      "bulid": "webpack --config ./webpackconfig/index.js"
    },
    "author": {
      "email": "18235444391@163.com",
      "name": "李艳鹏",
      "url": ""
    },
    "license": "ISC",
    "dependencies": {
      "@types/node": "^14.6.2",
      "moment": "^2.27.0"
    },
    "typings": "./dist/index.d.ts",
    "devDependencies": {
      "clean-webpack-plugin": "^3.0.0",
      "terser-webpack-plugin": "^4.1.0",
      "webpack": "^4.44.1"
    }
  }

yarn manifest: 
  No manifest

Lockfile: 
  No lockfile
